<?xml version="1.0" encoding="UTF-8"?>
<testsuite xmlns:xsi="http://www.w3.org/2001/XMLSchema-instance" xsi:noNamespaceSchemaLocation="https://maven.apache.org/surefire/maven-surefire-plugin/xsd/surefire-test-report-3.0.xsd" version="3.0" name="com.amulya.geo.utility.GeometryDeserializerTest" time="0.007" tests="3" errors="0" skipped="0" failures="0">
  <properties>
[...]
</properties>
  <testcase name="testDeserializeLineStringJson" classname="com.amulya.geo.utility.GeometryDeserializerTest" time="0.001"/>
  <testcase name="testDeserializePolygonJson" classname="com.amulya.geo.utility.GeometryDeserializerTest" time="0.002"/>
  <testcase name="testDeserializePointJson" classname="com.amulya.geo.utility.GeometryDeserializerTest" time="0.002"/>
</testsuite>